TN:
SF:src/components/Button.tsx
FN:118,(anonymous_0)
FN:167,(anonymous_1)
FN:198,(anonymous_2)
FN:244,(anonymous_3)
FNF:4
FNH:0
FNDA:0,(anonymous_0)
FNDA:0,(anonymous_1)
FNDA:0,(anonymous_2)
FNDA:0,(anonymous_3)
DA:68,0
DA:73,0
DA:111,0
DA:118,0
DA:147,0
DA:148,0
DA:149,0
DA:150,0
DA:151,0
DA:152,0
DA:154,0
DA:156,0
DA:164,0
DA:167,0
DA:168,0
DA:169,0
DA:170,0
DA:171,0
DA:178,0
DA:179,0
DA:183,0
DA:187,0
DA:188,0
DA:196,0
DA:198,0
DA:200,0
DA:201,0
DA:213,0
DA:226,0
DA:235,0
DA:236,0
DA:238,0
DA:244,0
DA:245,0
DA:249,0
DA:283,0
DA:284,0
DA:291,0
DA:295,0
LF:39
LH:0
BRDA:121,0,0,0
BRDA:122,1,0,0
BRDA:123,2,0,0
BRDA:124,3,0,0
BRDA:125,4,0,0
BRDA:128,5,0,0
BRDA:129,6,0,0
BRDA:130,7,0,0
BRDA:132,8,0,0
BRDA:133,9,0,0
BRDA:134,10,0,0
BRDA:135,11,0,0
BRDA:136,12,0,0
BRDA:148,13,0,0
BRDA:148,13,1,0
BRDA:150,14,0,0
BRDA:150,14,1,0
BRDA:151,15,0,0
BRDA:151,15,1,0
BRDA:152,16,0,0
BRDA:152,16,1,0
BRDA:154,17,0,0
BRDA:154,17,1,0
BRDA:156,18,0,0
BRDA:156,18,1,0
BRDA:156,19,0,0
BRDA:156,19,1,0
BRDA:164,20,0,0
BRDA:164,20,1,0
BRDA:164,20,2,0
BRDA:168,21,0,0
BRDA:168,21,1,0
BRDA:169,22,0,0
BRDA:169,22,1,0
BRDA:171,23,0,0
BRDA:171,23,1,0
BRDA:178,24,0,0
BRDA:178,24,1,0
BRDA:178,25,0,0
BRDA:178,25,1,0
BRDA:178,25,2,0
BRDA:187,26,0,0
BRDA:187,26,1,0
BRDA:188,27,0,0
BRDA:188,27,1,0
BRDA:196,28,0,0
BRDA:196,28,1,0
BRDA:198,29,0,0
BRDA:198,29,1,0
BRDA:201,30,0,0
BRDA:201,30,1,0
BRDA:216,31,0,0
BRDA:216,31,1,0
BRDA:217,32,0,0
BRDA:217,32,1,0
BRDA:217,33,0,0
BRDA:217,33,1,0
BRDA:219,34,0,0
BRDA:219,34,1,0
BRDA:220,35,0,0
BRDA:220,35,1,0
BRDA:235,36,0,0
BRDA:235,36,1,0
BRDA:238,37,0,0
BRDA:238,37,1,0
BRDA:240,38,0,0
BRDA:240,38,1,0
BRDA:252,39,0,0
BRDA:252,39,1,0
BRDA:257,40,0,0
BRDA:257,40,1,0
BRDA:262,41,0,0
BRDA:262,41,1,0
BRDA:269,42,0,0
BRDA:269,42,1,0
BRDA:270,43,0,0
BRDA:270,43,1,0
BRDA:274,44,0,0
BRDA:274,44,1,0
BRDA:283,45,0,0
BRDA:283,45,1,0
BRF:81
BRH:0
end_of_record
TN:
SF:src/components/IconButton.tsx
FN:80,(anonymous_0)
FN:145,(anonymous_1)
FNF:2
FNH:0
FNDA:0,(anonymous_0)
FNDA:0,(anonymous_1)
DA:33,0
DA:41,0
DA:49,0
DA:80,0
DA:108,0
DA:109,0
DA:110,0
DA:111,0
DA:112,0
DA:113,0
DA:114,0
DA:125,0
DA:129,0
DA:131,0
DA:134,0
DA:135,0
DA:143,0
DA:145,0
DA:147,0
DA:148,0
DA:160,0
DA:171,0
DA:181,0
DA:182,0
DA:183,0
DA:186,0
DA:215,0
DA:216,0
DA:223,0
DA:227,0
LF:30
LH:0
BRDA:84,0,0,0
BRDA:85,1,0,0
BRDA:86,2,0,0
BRDA:87,3,0,0
BRDA:90,4,0,0
BRDA:91,5,0,0
BRDA:94,6,0,0
BRDA:96,7,0,0
BRDA:97,8,0,0
BRDA:98,9,0,0
BRDA:99,10,0,0
BRDA:109,11,0,0
BRDA:109,11,1,0
BRDA:111,12,0,0
BRDA:111,12,1,0
BRDA:112,13,0,0
BRDA:112,13,1,0
BRDA:113,14,0,0
BRDA:113,14,1,0
BRDA:114,15,0,0
BRDA:114,15,1,0
BRDA:125,16,0,0
BRDA:125,16,1,0
BRDA:125,17,0,0
BRDA:125,17,1,0
BRDA:125,17,2,0
BRDA:126,18,0,0
BRDA:126,18,1,0
BRDA:129,19,0,0
BRDA:129,19,1,0
BRDA:131,20,0,0
BRDA:131,20,1,0
BRDA:134,21,0,0
BRDA:134,21,1,0
BRDA:135,22,0,0
BRDA:135,22,1,0
BRDA:143,23,0,0
BRDA:143,23,1,0
BRDA:145,24,0,0
BRDA:145,24,1,0
BRDA:148,25,0,0
BRDA:148,25,1,0
BRDA:163,26,0,0
BRDA:163,26,1,0
BRDA:164,27,0,0
BRDA:164,27,1,0
BRDA:164,28,0,0
BRDA:164,28,1,0
BRDA:164,29,0,0
BRDA:164,29,1,0
BRDA:166,30,0,0
BRDA:166,30,1,0
BRDA:182,31,0,0
BRDA:182,31,1,0
BRDA:183,32,0,0
BRDA:183,32,1,0
BRDA:183,33,0,0
BRDA:183,33,1,0
BRDA:193,34,0,0
BRDA:193,34,1,0
BRDA:199,35,0,0
BRDA:199,35,1,0
BRDA:210,36,0,0
BRDA:210,36,1,0
BRDA:210,36,2,0
BRDA:215,37,0,0
BRDA:215,37,1,0
BRF:67
BRH:0
end_of_record
TN:
SF:src/components/Toggle.tsx
FN:114,(anonymous_0)
FN:147,(anonymous_1)
FN:180,(anonymous_2)
FN:207,(anonymous_3)
FNF:4
FNH:0
FNDA:0,(anonymous_0)
FNDA:0,(anonymous_1)
FNDA:0,(anonymous_2)
FNDA:0,(anonymous_3)
DA:28,0
DA:78,0
DA:108,0
DA:114,0
DA:141,0
DA:142,0
DA:143,0
DA:144,0
DA:145,0
DA:147,0
DA:149,0
DA:150,0
DA:151,0
DA:152,0
DA:153,0
DA:159,0
DA:160,0
DA:162,0
DA:167,0
DA:181,0
DA:182,0
DA:184,0
DA:185,0
DA:186,0
DA:208,0
DA:209,0
DA:326,0
DA:327,0
DA:334,0
DA:338,0
LF:30
LH:0
BRDA:120,0,0,0
BRDA:121,1,0,0
BRDA:122,2,0,0
BRDA:123,3,0,0
BRDA:124,4,0,0
BRDA:127,5,0,0
BRDA:133,6,0,0
BRDA:134,7,0,0
BRDA:135,8,0,0
BRDA:136,9,0,0
BRDA:143,10,0,0
BRDA:143,10,1,0
BRDA:144,11,0,0
BRDA:144,11,1,0
BRDA:150,12,0,0
BRDA:150,12,1,0
BRDA:152,13,0,0
BRDA:152,13,1,0
BRDA:159,14,0,0
BRDA:159,14,1,0
BRDA:162,15,0,0
BRDA:162,15,1,0
BRDA:171,16,0,0
BRDA:171,16,1,0
BRDA:174,17,0,0
BRDA:174,17,1,0
BRDA:175,18,0,0
BRDA:175,18,1,0
BRDA:176,19,0,0
BRDA:176,19,1,0
BRDA:176,19,2,0
BRDA:177,20,0,0
BRDA:177,20,1,0
BRDA:177,20,2,0
BRDA:181,21,0,0
BRDA:181,21,1,0
BRDA:184,22,0,0
BRDA:184,22,1,0
BRDA:184,23,0,0
BRDA:184,23,1,0
BRDA:184,23,2,0
BRDA:198,24,0,0
BRDA:198,24,1,0
BRDA:200,25,0,0
BRDA:200,25,1,0
BRDA:208,26,0,0
BRDA:208,26,1,0
BRDA:220,27,0,0
BRDA:220,27,1,0
BRDA:228,28,0,0
BRDA:228,28,1,0
BRDA:232,29,0,0
BRDA:232,29,1,0
BRDA:242,30,0,0
BRDA:242,30,1,0
BRDA:254,31,0,0
BRDA:254,31,1,0
BRDA:276,32,0,0
BRDA:276,32,1,0
BRDA:281,33,0,0
BRDA:281,33,1,0
BRDA:290,34,0,0
BRDA:290,34,1,0
BRDA:295,35,0,0
BRDA:295,35,1,0
BRDA:301,36,0,0
BRDA:301,36,1,0
BRDA:302,37,0,0
BRDA:302,37,1,0
BRDA:310,38,0,0
BRDA:310,38,1,0
BRDA:310,38,2,0
BRDA:316,39,0,0
BRDA:316,39,1,0
BRDA:317,40,0,0
BRDA:317,40,1,0
BRDA:326,41,0,0
BRDA:326,41,1,0
BRF:78
BRH:0
end_of_record
